  GA.cpp
c:\users\khj\desktop\학교 공부\알고리즘설계\기말프로젝트\냅색유전2\냅색유전2\ga.cpp(123): warning C4244: '인수': 'time_t'에서 'unsigned int'(으)로 변환하면서 데이터가 손실될 수 있습니다.
c:\users\khj\desktop\학교 공부\알고리즘설계\기말프로젝트\냅색유전2\냅색유전2\ga.cpp(184): warning C4244: '인수': 'time_t'에서 'unsigned int'(으)로 변환하면서 데이터가 손실될 수 있습니다.
c:\users\khj\desktop\학교 공부\알고리즘설계\기말프로젝트\냅색유전2\냅색유전2\ga.cpp(183): warning C4996: 'fopen': This function or variable may be unsafe. Consider using fopen_s instead. To disable deprecation, use _CRT_SECURE_NO_WARNINGS. See online help for details.
  c:\program files (x86)\windows kits\10\include\10.0.17134.0\ucrt\stdio.h(208): note: 'fopen' 선언을 참조하십시오.
c:\users\khj\desktop\학교 공부\알고리즘설계\기말프로젝트\냅색유전2\냅색유전2\ga.cpp(209): warning C4996: 'fopen': This function or variable may be unsafe. Consider using fopen_s instead. To disable deprecation, use _CRT_SECURE_NO_WARNINGS. See online help for details.
  c:\program files (x86)\windows kits\10\include\10.0.17134.0\ucrt\stdio.h(208): note: 'fopen' 선언을 참조하십시오.
c:\users\khj\desktop\학교 공부\알고리즘설계\기말프로젝트\냅색유전2\냅색유전2\ga.cpp(214): warning C4996: 'fscanf': This function or variable may be unsafe. Consider using fscanf_s instead. To disable deprecation, use _CRT_SECURE_NO_WARNINGS. See online help for details.
  c:\program files (x86)\windows kits\10\include\10.0.17134.0\ucrt\stdio.h(1197): note: 'fscanf' 선언을 참조하십시오.
c:\users\khj\desktop\학교 공부\알고리즘설계\기말프로젝트\냅색유전2\냅색유전2\ga.cpp(217): warning C4996: 'fscanf': This function or variable may be unsafe. Consider using fscanf_s instead. To disable deprecation, use _CRT_SECURE_NO_WARNINGS. See online help for details.
  c:\program files (x86)\windows kits\10\include\10.0.17134.0\ucrt\stdio.h(1197): note: 'fscanf' 선언을 참조하십시오.
c:\users\khj\desktop\학교 공부\알고리즘설계\기말프로젝트\냅색유전2\냅색유전2\ga.cpp(227): warning C4244: '인수': 'time_t'에서 'unsigned int'(으)로 변환하면서 데이터가 손실될 수 있습니다.
c:\users\khj\desktop\학교 공부\알고리즘설계\기말프로젝트\냅색유전2\냅색유전2\ga.cpp(337): warning C4244: '인수': 'time_t'에서 'unsigned int'(으)로 변환하면서 데이터가 손실될 수 있습니다.
c:\users\khj\desktop\학교 공부\알고리즘설계\기말프로젝트\냅색유전2\냅색유전2\ga.cpp(369): warning C4244: '초기화 중': 'double'에서 'int'(으)로 변환하면서 데이터가 손실될 수 있습니다.
c:\users\khj\desktop\학교 공부\알고리즘설계\기말프로젝트\냅색유전2\냅색유전2\ga.cpp(370): warning C4244: '초기화 중': 'double'에서 'int'(으)로 변환하면서 데이터가 손실될 수 있습니다.
c:\users\khj\desktop\학교 공부\알고리즘설계\기말프로젝트\냅색유전2\냅색유전2\ga.cpp(408): warning C4244: '초기화 중': 'double'에서 'int'(으)로 변환하면서 데이터가 손실될 수 있습니다.
c:\users\khj\desktop\학교 공부\알고리즘설계\기말프로젝트\냅색유전2\냅색유전2\ga.cpp(432): warning C4244: '인수': 'time_t'에서 'unsigned int'(으)로 변환하면서 데이터가 손실될 수 있습니다.
c:\users\khj\desktop\학교 공부\알고리즘설계\기말프로젝트\냅색유전2\냅색유전2\ga.cpp(451): warning C4244: '인수': 'time_t'에서 'unsigned int'(으)로 변환하면서 데이터가 손실될 수 있습니다.
c:\users\khj\desktop\학교 공부\알고리즘설계\기말프로젝트\냅색유전2\냅색유전2\ga.cpp(472): warning C4244: '인수': 'time_t'에서 'unsigned int'(으)로 변환하면서 데이터가 손실될 수 있습니다.
c:\users\khj\desktop\학교 공부\알고리즘설계\기말프로젝트\냅색유전2\냅색유전2\ga.cpp(473): warning C4244: '초기화 중': 'double'에서 'int'(으)로 변환하면서 데이터가 손실될 수 있습니다.
c:\users\khj\desktop\학교 공부\알고리즘설계\기말프로젝트\냅색유전2\냅색유전2\ga.cpp(526): warning C4244: '인수': 'time_t'에서 'unsigned int'(으)로 변환하면서 데이터가 손실될 수 있습니다.
  냅색유전2.vcxproj -> C:\Users\KHJ\Desktop\학교 공부\알고리즘설계\기말프로젝트\냅색유전2\Debug\냅색유전2.exe
